<?xml version="1.0" encoding="UTF-8"?>
<!-- Generated by org.testng.reporters.JUnitXMLReporter -->
<testsuite ignored="0" hostname="LAPTOP-CQU4EQ9D" failures="0" tests="5" name="Default test" time="8.641" errors="0" timestamp="2021-09-26T17:43:16 IST">
  <testcase classname="com.webapplication.webtest.NewTest2" name="test11" time="2.42"/>
  <testcase classname="com.webapplication.webtest.NewTest2" name="test22" time="0.35"/>
  <testcase classname="com.webapplication.webtest.NewTest2" name="test33" time="2.054"/>
  <testcase classname="com.webapplication.webtest.NewTest2" name="test44" time="1.614"/>
  <testcase classname="com.webapplication.webtest.NewTest2" name="test55" time="0.157"/>
</testsuite> <!-- Default test -->
