<?xml version="1.0" encoding="UTF-8"?>
<!-- Generated by org.testng.reporters.JUnitXMLReporter -->
<testsuite ignored="0" hostname="LAPTOP-CQU4EQ9D" failures="0" tests="8" name="Test" time="26.186" errors="0" timestamp="2021-09-26T19:30:26 IST">
  <testcase classname="com.webapplication.webtest.NewTest2" name="test11" time="5.213"/>
  <testcase classname="com.webapplication.webtest.NewTest2" name="test22" time="1.673"/>
  <testcase classname="com.webapplication.webtest.NewTest2" name="test33" time="3.248"/>
  <testcase classname="com.webapplication.webtest.NewTest2" name="test44" time="4.065"/>
  <testcase classname="com.webapplication.webtest.NewTest2" name="test55" time="0.083"/>
  <testcase classname="com.webapplication.webtest.NewTest" name="test1" time="1.579"/>
  <testcase classname="com.webapplication.webtest.NewTest" name="test2" time="2.426"/>
  <testcase classname="com.webapplication.webtest.NewTest" name="test3" time="3.077"/>
</testsuite> <!-- Test -->
