<?xml version="1.0" encoding="UTF-8"?>
<testng-results ignored="0" total="5" passed="5" failed="0" skipped="0">
  <reporter-output>
  </reporter-output>
  <suite started-at="2021-09-26T17:43:08 IST" name="Default suite" finished-at="2021-09-26T17:43:16 IST" duration-ms="8641">
    <groups>
    </groups>
    <test started-at="2021-09-26T17:43:08 IST" name="Default test" finished-at="2021-09-26T17:43:16 IST" duration-ms="8641">
      <class name="com.webapplication.webtest.NewTest2">
        <test-method is-config="true" signature="beforeTest()[pri:0, instance:com.webapplication.webtest.NewTest2@27ff5d15]" started-at="2021-09-26T17:43:08 IST" name="beforeTest" finished-at="2021-09-26T17:43:09 IST" duration-ms="1688" status="PASS">
          <reporter-output>
          </reporter-output>
        </test-method> <!-- beforeTest -->
        <test-method signature="test11()[pri:0, instance:com.webapplication.webtest.NewTest2@27ff5d15]" started-at="2021-09-26T17:43:09 IST" name="test11" finished-at="2021-09-26T17:43:12 IST" duration-ms="2420" status="PASS">
          <reporter-output>
          </reporter-output>
        </test-method> <!-- test11 -->
        <test-method signature="test22()[pri:0, instance:com.webapplication.webtest.NewTest2@27ff5d15]" started-at="2021-09-26T17:43:12 IST" name="test22" finished-at="2021-09-26T17:43:12 IST" duration-ms="350" status="PASS">
          <reporter-output>
          </reporter-output>
        </test-method> <!-- test22 -->
        <test-method signature="test33()[pri:0, instance:com.webapplication.webtest.NewTest2@27ff5d15]" started-at="2021-09-26T17:43:12 IST" name="test33" finished-at="2021-09-26T17:43:14 IST" duration-ms="2054" status="PASS">
          <reporter-output>
          </reporter-output>
        </test-method> <!-- test33 -->
        <test-method signature="test44()[pri:0, instance:com.webapplication.webtest.NewTest2@27ff5d15]" started-at="2021-09-26T17:43:14 IST" name="test44" finished-at="2021-09-26T17:43:16 IST" duration-ms="1614" status="PASS">
          <reporter-output>
          </reporter-output>
        </test-method> <!-- test44 -->
        <test-method signature="test55()[pri:0, instance:com.webapplication.webtest.NewTest2@27ff5d15]" started-at="2021-09-26T17:43:16 IST" name="test55" finished-at="2021-09-26T17:43:16 IST" duration-ms="157" status="PASS">
          <reporter-output>
          </reporter-output>
        </test-method> <!-- test55 -->
        <test-method is-config="true" signature="afterTest()[pri:0, instance:com.webapplication.webtest.NewTest2@27ff5d15]" started-at="2021-09-26T17:43:16 IST" name="afterTest" finished-at="2021-09-26T17:43:16 IST" duration-ms="311" status="PASS">
          <reporter-output>
          </reporter-output>
        </test-method> <!-- afterTest -->
      </class> <!-- com.webapplication.webtest.NewTest2 -->
    </test> <!-- Default test -->
  </suite> <!-- Default suite -->
</testng-results>
